{
  "RSpec": {
    "coverage": {
      "/home/ubuntu/workspace/outdoorsm/outdoorsports/spec/interface_spec.rb": [
        null,
        null,
        1,
        1,
        null,
        1,
        1,
        null,
        1,
        1,
        1,
        null,
        1,
        0,
        0,
        0,
        0,
        0,
        0,
        0,
        0,
        0,
        0,
        0,
        null,
        null,
        null
      ],
      "/home/ubuntu/workspace/outdoorsm/outdoorsports/spec/models/color_process_spec.rb": [
        1,
        1,
        1,
        null,
        1,
        1,
        8,
        8,
        8,
        8,
        8,
        null,
        null,
        1,
        1,
        1,
        1,
        1,
        null,
        null,
        1,
        1,
        1,
        1,
        1,
        null,
        null,
        1,
        1,
        1,
        1,
        1,
        null,
        null,
        1,
        1,
        1,
        1,
        1,
        null,
        null,
        1,
        1,
        1,
        1,
        1,
        null,
        null,
        1,
        1,
        1,
        1,
        1,
        null,
        null,
        1,
        1,
        1,
        1,
        1,
        null,
        null,
        1,
        1,
        1,
        1,
        1,
        null,
        null
      ],
      "/home/ubuntu/workspace/outdoorsm/outdoorsports/app/models/sensor_process.rb": [
        1,
        1,
        null,
        1,
        null,
        null,
        null,
        null,
        0,
        0,
        0,
        0,
        null,
        null,
        1,
        null,
        null,
        null,
        10,
        10,
        null,
        null,
        1,
        null,
        9,
        null,
        9,
        9,
        null,
        9,
        null,
        9,
        9,
        45,
        null,
        9,
        9,
        9,
        360,
        360,
        360,
        360,
        null,
        9,
        9,
        9,
        9,
        null,
        null,
        1,
        null,
        0,
        0,
        0,
        0,
        0,
        0,
        0,
        null,
        null,
        1,
        null,
        null,
        5,
        5,
        5,
        5,
        5,
        5,
        5,
        null,
        5,
        null,
        5,
        5,
        155,
        155,
        7595,
        null,
        null,
        null,
        5,
        25,
        200,
        200,
        200,
        200,
        200,
        175,
        null,
        200,
        160,
        null,
        200,
        140,
        null,
        200,
        1200,
        7200,
        7200,
        7200,
        7200,
        7200,
        7200,
        null,
        null,
        null,
        null,
        null,
        null,
        1,
        null,
        null,
        1,
        1,
        1,
        1,
        1,
        1,
        null,
        null,
        1,
        null,
        null,
        0,
        0,
        0,
        0,
        0,
        null,
        null,
        0,
        0,
        0,
        null,
        null,
        1,
        null,
        null,
        null,
        null,
        null,
        null,
        null,
        null,
        null,
        null,
        null,
        null,
        null,
        null,
        null,
        null,
        null,
        null,
        null,
        null,
        null,
        null,
        null,
        null,
        null,
        null,
        null,
        null,
        null,
        null,
        null,
        null,
        null,
        null,
        null,
        null,
        null,
        null,
        null,
        null,
        null,
        null,
        null,
        null,
        null,
        null,
        null,
        10,
        null,
        null
      ],
      "/home/ubuntu/workspace/outdoorsm/outdoorsports/app/models/sensor.rb": [
        1,
        1,
        1,
        1,
        1,
        1,
        1,
        null,
        1,
        16051,
        16051,
        16051,
        16051,
        16051,
        16051,
        null,
        null,
        null,
        null,
        null,
        1,
        1,
        1,
        1,
        null,
        1,
        null,
        null,
        16047,
        16047,
        16047,
        16047,
        null,
        null,
        1,
        null,
        null,
        5,
        28,
        null,
        null,
        5,
        5,
        5,
        20,
        5,
        20,
        35,
        20,
        null,
        null,
        null,
        1,
        174,
        174,
        174,
        174,
        null,
        174,
        174,
        174,
        174,
        null,
        null
      ],
      "/home/ubuntu/workspace/outdoorsm/outdoorsports/app/models/color_process.rb": [
        1,
        1,
        null,
        null,
        null,
        7208,
        7208,
        null,
        7208,
        21624,
        21624,
        null,
        7208,
        7208,
        null,
        7208,
        7208,
        21624,
        null,
        7208,
        null,
        7208,
        null,
        null
      ],
      "/home/ubuntu/workspace/outdoorsm/outdoorsports/spec/models/data_process_spec.rb": [
        1,
        1,
        1,
        1,
        1,
        1,
        1,
        3,
        null,
        null,
        1,
        1,
        1,
        1,
        null,
        null,
        null,
        null,
        1,
        1,
        1,
        1,
        null,
        null,
        null,
        null,
        1,
        1,
        null,
        1,
        1,
        null,
        null,
        null,
        null,
        null
      ],
      "/home/ubuntu/workspace/outdoorsm/outdoorsports/app/models/data_process.rb": [
        1,
        1,
        1,
        1,
        1,
        null,
        null,
        null,
        1,
        1,
        null,
        1,
        null,
        null,
        null,
        1,
        1,
        null,
        1,
        null,
        3,
        null,
        null,
        null,
        null,
        null,
        null,
        null,
        null,
        null,
        1,
        null,
        1,
        null,
        1,
        1,
        1,
        null,
        null,
        null,
        null
      ],
      "/home/ubuntu/workspace/outdoorsm/outdoorsports/app/models/quad_process.rb": [
        1,
        1,
        null,
        1,
        1,
        null,
        1,
        1,
        1,
        null,
        1,
        7,
        7,
        7,
        7,
        null,
        null,
        1,
        3,
        6,
        6,
        null,
        null,
        null,
        1,
        2,
        2,
        2,
        2,
        2,
        70,
        70,
        70,
        70,
        70,
        70,
        null,
        null,
        null,
        1,
        3,
        3,
        3,
        3,
        null,
        39,
        39,
        39,
        39,
        39,
        null,
        39,
        39,
        null,
        39,
        null,
        313,
        null,
        137,
        137,
        137,
        null,
        959,
        137,
        137,
        null,
        null,
        null,
        null,
        39,
        39,
        39,
        null,
        null,
        null,
        1,
        4,
        4,
        173,
        173,
        null,
        4,
        4,
        4,
        null,
        null
      ],
      "/home/ubuntu/workspace/outdoorsm/outdoorsports/spec/models/quad_process_spec.rb": [
        1,
        null,
        1,
        null,
        1,
        null,
        1,
        1,
        1,
        null,
        6,
        null,
        null,
        1,
        null,
        1,
        1,
        null,
        null,
        null,
        null,
        1,
        1,
        1,
        1,
        1,
        1,
        1,
        null,
        null,
        null,
        1,
        1,
        1,
        1,
        null,
        null,
        null,
        1,
        1,
        1,
        1,
        1,
        1,
        1,
        1,
        1,
        1,
        1,
        1,
        1,
        null,
        null,
        null,
        1,
        1,
        1,
        1,
        1,
        1,
        1,
        1,
        1,
        1,
        1,
        1,
        1,
        1,
        null,
        null,
        null,
        1,
        1,
        1,
        1,
        null,
        null,
        null,
        null,
        null,
        null,
        null,
        null,
        null,
        null,
        null,
        null,
        null,
        null,
        null
      ],
      "/home/ubuntu/workspace/outdoorsm/outdoorsports/spec/models/sensor_process_spec.rb": [
        1,
        1,
        1,
        1,
        null,
        1,
        1,
        11,
        null,
        1,
        1,
        1,
        null,
        null,
        1,
        1,
        1,
        1,
        null,
        null,
        1,
        1,
        1,
        1,
        null,
        null,
        1,
        1,
        1,
        1,
        null,
        null,
        1,
        1,
        1,
        1,
        null,
        null,
        1,
        1,
        1,
        1,
        1,
        null,
        null,
        1,
        1,
        1,
        1,
        1,
        null,
        null,
        1,
        1,
        1,
        1,
        1,
        null,
        null,
        1,
        1,
        1,
        1,
        1,
        null,
        null,
        1,
        1,
        1,
        1,
        1,
        null,
        null,
        1,
        1,
        1,
        1,
        null,
        null
      ],
      "/home/ubuntu/workspace/outdoorsm/outdoorsports/spec/models/sensor_spec.rb": [
        1,
        1,
        null,
        1,
        null,
        1,
        4,
        4,
        null,
        null,
        1,
        1,
        null,
        1,
        1,
        1,
        1,
        null,
        null,
        1,
        1,
        1,
        1,
        1,
        1,
        null,
        null,
        null,
        1,
        1,
        1,
        1,
        1,
        null,
        null,
        1,
        1,
        1,
        1,
        1,
        null,
        null,
        null,
        null
      ]
    },
    "timestamp": 1463802482
  }
}
